0 info it worked if it ends with ok
1 verbose cli [ '/home/linuxbrew/.linuxbrew/Cellar/node/8.1.2/bin/node',
1 verbose cli   '/home/linuxbrew/.linuxbrew/bin/npm',
1 verbose cli   'start' ]
2 info using npm@3.10.7
3 info using node@v8.1.2
4 verbose stack Error: ENOENT: no such file or directory, open '/var/www/labs/StarterLab/react-native-starter/package.json'
5 verbose cwd /var/www/labs/StarterLab/react-native-starter
6 error Linux 3.16.0-4-amd64
7 error argv "/home/linuxbrew/.linuxbrew/Cellar/node/8.1.2/bin/node" "/home/linuxbrew/.linuxbrew/bin/npm" "start"
8 error node v8.1.2
9 error npm  v3.10.7
10 error path /var/www/labs/StarterLab/react-native-starter/package.json
11 error code ENOENT
12 error errno -2
13 error syscall open
14 error enoent ENOENT: no such file or directory, open '/var/www/labs/StarterLab/react-native-starter/package.json'
15 error enoent ENOENT: no such file or directory, open '/var/www/labs/StarterLab/react-native-starter/package.json'
15 error enoent This is most likely not a problem with npm itself
15 error enoent and is related to npm not being able to find a file.
16 verbose exit [ -2, true ]
